{"/Users/blorb/alchemy/c-track/LAB3/deriveData.js": {"path":"/Users/blorb/alchemy/c-track/LAB3/deriveData.js","statementMap":{"0":{"start":{"line":1,"column":11},"end":{"line":1,"column":33}},"1":{"start":{"line":3,"column":13},"end":{"line":8,"column":1}},"2":{"start":{"line":4,"column":21},"end":{"line":4,"column":61}},"3":{"start":{"line":6,"column":28},"end":{"line":6,"column":93}},"4":{"start":{"line":6,"column":64},"end":{"line":6,"column":92}},"5":{"start":{"line":7,"column":8},"end":{"line":7,"column":27}},"6":{"start":{"line":10,"column":0},"end":{"line":10,"column":24}}},"fnMap":{"0":{"name":"(anonymous_0)","decl":{"start":{"line":3,"column":13},"end":{"line":3,"column":14}},"loc":{"start":{"line":3,"column":24},"end":{"line":8,"column":1}},"line":3},"1":{"name":"(anonymous_1)","decl":{"start":{"line":6,"column":56},"end":{"line":6,"column":57}},"loc":{"start":{"line":6,"column":64},"end":{"line":6,"column":92}},"line":6}},"branchMap":{"0":{"loc":{"start":{"line":6,"column":64},"end":{"line":6,"column":92}},"type":"binary-expr","locations":[{"start":{"line":6,"column":64},"end":{"line":6,"column":75}},{"start":{"line":6,"column":79},"end":{"line":6,"column":92}}],"line":6}},"s":{"0":1,"1":1,"2":2,"3":2,"4":12762,"5":2,"6":1},"f":{"0":2,"1":12762},"b":{"0":[12762,9018]},"_coverageSchema":"43e27e138ebf9cfc5966b082cf9a028302ed4184","hash":"8530f8fd6f8b322e538feed6afed8da5a37f3fdf"}
,"/Users/blorb/alchemy/c-track/LAB3/lineConstructor.js": {"path":"/Users/blorb/alchemy/c-track/LAB3/lineConstructor.js","statementMap":{"0":{"start":{"line":3,"column":17},"end":{"line":3,"column":43}},"1":{"start":{"line":4,"column":15},"end":{"line":4,"column":41}},"2":{"start":{"line":6,"column":0},"end":{"line":27,"column":9}},"3":{"start":{"line":7,"column":23},"end":{"line":7,"column":53}},"4":{"start":{"line":8,"column":8},"end":{"line":8,"column":30}},"5":{"start":{"line":9,"column":8},"end":{"line":9,"column":30}},"6":{"start":{"line":10,"column":25},"end":{"line":10,"column":37}},"7":{"start":{"line":11,"column":23},"end":{"line":11,"column":98}},"8":{"start":{"line":11,"column":53},"end":{"line":11,"column":97}},"9":{"start":{"line":14,"column":27},"end":{"line":14,"column":29}},"10":{"start":{"line":15,"column":20},"end":{"line":15,"column":21}},"11":{"start":{"line":16,"column":16},"end":{"line":24,"column":13}},"12":{"start":{"line":17,"column":16},"end":{"line":19,"column":17}},"13":{"start":{"line":18,"column":20},"end":{"line":18,"column":58}},"14":{"start":{"line":20,"column":16},"end":{"line":22,"column":17}},"15":{"start":{"line":21,"column":20},"end":{"line":21,"column":58}},"16":{"start":{"line":23,"column":16},"end":{"line":23,"column":20}},"17":{"start":{"line":25,"column":35},"end":{"line":25,"column":73}},"18":{"start":{"line":26,"column":12},"end":{"line":26,"column":34}},"19":{"start":{"line":29,"column":0},"end":{"line":29,"column":33}}},"fnMap":{"0":{"name":"(anonymous_0)","decl":{"start":{"line":6,"column":18},"end":{"line":6,"column":19}},"loc":{"start":{"line":6,"column":34},"end":{"line":27,"column":9}},"line":6},"1":{"name":"(anonymous_1)","decl":{"start":{"line":11,"column":47},"end":{"line":11,"column":48}},"loc":{"start":{"line":11,"column":53},"end":{"line":11,"column":97}},"line":11}},"branchMap":{"0":{"loc":{"start":{"line":17,"column":16},"end":{"line":19,"column":17}},"type":"if","locations":[{"start":{"line":17,"column":16},"end":{"line":19,"column":17}},{"start":{"line":17,"column":16},"end":{"line":19,"column":17}}],"line":17},"1":{"loc":{"start":{"line":20,"column":16},"end":{"line":22,"column":17}},"type":"if","locations":[{"start":{"line":20,"column":16},"end":{"line":22,"column":17}},{"start":{"line":20,"column":16},"end":{"line":22,"column":17}}],"line":20}},"s":{"0":1,"1":1,"2":1,"3":2,"4":2,"5":2,"6":2,"7":2,"8":16,"9":2,"10":2,"11":2,"12":16,"13":9,"14":16,"15":7,"16":16,"17":2,"18":2,"19":1},"f":{"0":2,"1":16},"b":{"0":[9,7],"1":[7,9]},"_coverageSchema":"43e27e138ebf9cfc5966b082cf9a028302ed4184","hash":"dd395801af3564d4deea3e6e495473b3f630a6a1"}
}
