TN:
SF:/Users/blorb/alchemy/c-track/LAB3/deriveData.js
FN:3,(anonymous_0)
FN:6,(anonymous_1)
FNF:2
FNH:2
FNDA:2,(anonymous_0)
FNDA:12762,(anonymous_1)
DA:1,1
DA:3,1
DA:4,2
DA:6,12762
DA:7,2
DA:10,1
LF:6
LH:6
BRDA:6,0,0,12762
BRDA:6,0,1,9018
BRF:2
BRH:2
end_of_record
TN:
SF:/Users/blorb/alchemy/c-track/LAB3/lineConstructor.js
FN:6,(anonymous_0)
FN:11,(anonymous_1)
FNF:2
FNH:2
FNDA:2,(anonymous_0)
FNDA:16,(anonymous_1)
DA:3,1
DA:4,1
DA:6,1
DA:7,2
DA:8,2
DA:9,2
DA:10,2
DA:11,16
DA:14,2
DA:15,2
DA:16,2
DA:17,16
DA:18,9
DA:20,16
DA:21,7
DA:23,16
DA:25,2
DA:26,2
DA:29,1
LF:19
LH:19
BRDA:17,0,0,9
BRDA:17,0,1,7
BRDA:20,1,0,7
BRDA:20,1,1,9
BRF:4
BRH:4
end_of_record
